<?xml version="1.0" encoding="UTF-8"?>
<testng-results ignored="0" total="1" passed="1" failed="0" skipped="0">
  <reporter-output>
  </reporter-output>
  <suite started-at="2023-10-10T13:40:07 IST" name="Default suite" finished-at="2023-10-10T13:40:24 IST" duration-ms="16829">
    <groups>
    </groups>
    <test started-at="2023-10-10T13:40:07 IST" name="Default test" finished-at="2023-10-10T13:40:24 IST" duration-ms="16829">
      <class name="LoginM.Logintestcase">
        <test-method is-config="true" signature="Lunchingthe_Browser()[pri:0, instance:LoginM.Logintestcase@5524cca1]" started-at="2023-10-10T13:40:07 IST" name="Lunchingthe_Browser" finished-at="2023-10-10T13:40:15 IST" duration-ms="8162" status="PASS">
          <reporter-output>
          </reporter-output>
        </test-method> <!-- Lunchingthe_Browser -->
        <test-method is-config="true" signature="Logintheapplication()[pri:0, instance:LoginM.Logintestcase@5524cca1]" started-at="2023-10-10T13:40:15 IST" name="Logintheapplication" finished-at="2023-10-10T13:40:17 IST" duration-ms="2183" status="PASS">
          <reporter-output>
          </reporter-output>
        </test-method> <!-- Logintheapplication -->
        <test-method signature="TC_Login_001()[pri:0, instance:LoginM.Logintestcase@5524cca1]" started-at="2023-10-10T13:40:17 IST" name="TC_Login_001" finished-at="2023-10-10T13:40:17 IST" duration-ms="32" status="PASS">
          <reporter-output>
          </reporter-output>
        </test-method> <!-- TC_Login_001 -->
        <test-method is-config="true" signature="Logouttheapplication()[pri:0, instance:LoginM.Logintestcase@5524cca1]" started-at="2023-10-10T13:40:17 IST" name="Logouttheapplication" finished-at="2023-10-10T13:40:20 IST" duration-ms="2915" status="PASS">
          <reporter-output>
          </reporter-output>
        </test-method> <!-- Logouttheapplication -->
        <test-method is-config="true" signature="afterclass()[pri:0, instance:LoginM.Logintestcase@5524cca1]" started-at="2023-10-10T13:40:20 IST" name="afterclass" finished-at="2023-10-10T13:40:24 IST" duration-ms="3451" status="PASS">
          <reporter-output>
          </reporter-output>
        </test-method> <!-- afterclass -->
      </class> <!-- LoginM.Logintestcase -->
    </test> <!-- Default test -->
  </suite> <!-- Default suite -->
</testng-results>
